<?xml version="1.0" encoding="UTF-8"?>
<!-- Generated by org.testng.reporters.JUnitXMLReporter -->
<testsuite hostname="Zeeshan-Dell" ignored="0" tests="3" failures="1" timestamp="2021-08-04T17:41:37 AEST" time="0.214" errors="0">
  <testcase name="TC_01" time="0.013" classname="TestClass"/>
  <testcase name="TC_02" time="0.009" classname="TestClass">
    <failure type="java.lang.AssertionError" message="Zeeshan is failing this TC-02">
      <![CDATA[java.lang.AssertionError: Zeeshan is failing this TC-02
at TestClass.TC_02(TestClass.java:15)
at java.util.ArrayList.forEach(ArrayList.java:1259)
... Removed 31 stack frames]]>
    </failure>
  </testcase> <!-- TC_02 -->
  <testcase name="TC_03" time="0.001" classname="TestClass">
    <skipped/>
  </testcase> <!-- TC_03 -->
</testsuite>
